<?xml version="1.0" encoding="UTF-8"?>
<testng-results ignored="0" total="2" passed="2" failed="0" skipped="0">
  <reporter-output>
  </reporter-output>
  <suite started-at="2023-05-11T00:04:35 CEST" name="Suite" finished-at="2023-05-11T00:06:04 CEST" duration-ms="88810">
    <groups>
    </groups>
    <test started-at="2023-05-11T00:04:35 CEST" name="Test1" finished-at="2023-05-11T00:05:24 CEST" duration-ms="49059">
      <class name="TestSuite.TestParametersWithXML">
        <test-method signature="testParameterWithXML(java.lang.String,java.lang.String)[pri:0, instance:TestSuite.TestParametersWithXML@41e36e46]" started-at="2023-05-11T00:04:35 CEST" name="testParameterWithXML" finished-at="2023-05-11T00:05:24 CEST" duration-ms="48723" status="PASS">
          <params>
            <param index="0">
              <value>
                <![CDATA[Demo]]>
              </value>
            </param>
            <param index="1">
              <value>
                <![CDATA[Tunisia]]>
              </value>
            </param>
          </params>
          <reporter-output>
          </reporter-output>
        </test-method> <!-- testParameterWithXML -->
      </class> <!-- TestSuite.TestParametersWithXML -->
    </test> <!-- Test1 -->
    <test started-at="2023-05-11T00:05:25 CEST" name="Test2" finished-at="2023-05-11T00:06:04 CEST" duration-ms="39162">
      <class name="TestSuite.TestParametersWithXML">
        <test-method signature="testParameterWithXML(java.lang.String,java.lang.String)[pri:0, instance:TestSuite.TestParametersWithXML@4567f35d]" started-at="2023-05-11T00:05:25 CEST" name="testParameterWithXML" finished-at="2023-05-11T00:06:04 CEST" duration-ms="39106" status="PASS">
          <params>
            <param index="0">
              <value>
                <![CDATA[Demo]]>
              </value>
            </param>
            <param index="1">
              <value>
                <![CDATA[Mzaougha]]>
              </value>
            </param>
          </params>
          <reporter-output>
          </reporter-output>
        </test-method> <!-- testParameterWithXML -->
      </class> <!-- TestSuite.TestParametersWithXML -->
    </test> <!-- Test2 -->
  </suite> <!-- Suite -->
</testng-results>
